<?xml version="1.0" encoding="UTF-8"?>
<!-- Generated by org.testng.reporters.JUnitReportReporter -->
<testsuite hostname="LAPTOP-LDU9LR85" failures="0" tests="2" name="runner.TestRunnerRegistration" time="89.863" errors="0" timestamp="2025-09-08T22:20:27 IST" skipped="0">
  <testcase classname="runner.TestRunnerRegistration" name="runScenario" time="48.440"/>
  <testcase classname="runner.TestRunnerRegistration" name="runScenario" time="41.423"/>
</testsuite> <!-- runner.TestRunnerRegistration -->
