<?xml version="1.0" encoding="UTF-8"?>
<!-- Generated by org.testng.reporters.JUnitReportReporter -->
<testsuite hostname="LAPTOP-LDU9LR85" failures="0" tests="1" name="runner.TestRunnerBookingFlow" time="71.021" errors="0" timestamp="2025-09-08T22:20:27 IST" skipped="0">
  <testcase classname="runner.TestRunnerBookingFlow" name="runScenario" time="71.021"/>
</testsuite> <!-- runner.TestRunnerBookingFlow -->
