<?xml version="1.0" encoding="UTF-8"?>
<!-- Generated by org.testng.reporters.JUnitReportReporter -->
<testsuite hostname="LAPTOP-LDU9LR85" failures="0" tests="2" name="runner.TestRunnerFlightSearch" time="111.565" errors="0" timestamp="2025-09-08T14:06:27 IST" skipped="0">
  <testcase classname="runner.TestRunnerFlightSearch" name="runScenario" time="70.100"/>
  <testcase classname="runner.TestRunnerFlightSearch" name="runScenario" time="41.465"/>
</testsuite> <!-- runner.TestRunnerFlightSearch -->
