<?xml version="1.0" encoding="UTF-8"?>
<!-- Generated by org.testng.reporters.JUnitReportReporter -->
<testsuite hostname="LAPTOP-LDU9LR85" failures="0" tests="1" name="runner.TestRunnerLogin" time="39.289" errors="0" timestamp="2025-09-08T22:20:27 IST" skipped="0">
  <testcase classname="runner.TestRunnerLogin" name="runScenario" time="39.289"/>
</testsuite> <!-- runner.TestRunnerLogin -->
